<?xml version="1.0" encoding="UTF-8"?>
<!-- Generated by org.testng.reporters.JUnitReportReporter -->
<testsuite hostname="MaddiletiDalu" failures="0" tests="1" name="vtiger.organizationTests.ToCreateOrganizationTests" time="27.462" errors="0" timestamp="2024-05-01T09:18:53 IST" skipped="0">
  <testcase classname="vtiger.organizationTests.ToCreateOrganizationTests" name="toCreateOrganization_001" time="27.462"/>
  <system-out/>
</testsuite> <!-- vtiger.organizationTests.ToCreateOrganizationTests -->
